mode: set
b3-ingest/internal/infra/repositories/trading/trading.go:21.47,23.2 1 0
b3-ingest/internal/infra/repositories/trading/trading.go:26.133,44.73 4 0
b3-ingest/internal/infra/repositories/trading/trading.go:44.73,46.3 1 0
b3-ingest/internal/infra/repositories/trading/trading.go:47.2,47.19 1 0
b3-ingest/internal/logger/logger.go:24.35,25.11 1 0
b3-ingest/internal/logger/logger.go:26.13,27.17 1 0
b3-ingest/internal/logger/logger.go:28.12,29.16 1 0
b3-ingest/internal/logger/logger.go:30.15,31.19 1 0
b3-ingest/internal/logger/logger.go:32.13,33.17 1 0
b3-ingest/internal/logger/logger.go:34.13,35.17 1 0
b3-ingest/internal/logger/logger.go:36.10,37.19 1 0
b3-ingest/internal/logger/logger.go:53.86,58.2 1 0
b3-ingest/internal/logger/logger.go:61.46,65.2 3 0
b3-ingest/internal/logger/logger.go:68.72,72.24 3 0
b3-ingest/internal/logger/logger.go:72.24,74.3 1 0
b3-ingest/internal/logger/logger.go:77.2,78.26 2 0
b3-ingest/internal/logger/logger.go:82.57,84.2 1 0
b3-ingest/internal/logger/logger.go:87.56,89.2 1 0
b3-ingest/internal/logger/logger.go:92.59,94.2 1 0
b3-ingest/internal/logger/logger.go:97.57,99.2 1 0
b3-ingest/internal/logger/logger.go:102.57,105.2 2 0
b3-ingest/internal/logger/logger.go:111.26,113.2 1 0
b3-ingest/internal/logger/logger.go:116.33,118.2 1 0
b3-ingest/internal/logger/logger.go:121.34,123.2 1 0
b3-ingest/internal/infra/adapter/database/orm/models/trading.go:20.55,30.2 1 0
b3-ingest/internal/infra/adapter/database/orm/models/trading.go:33.55,43.2 1 0
b3-ingest/main.go:13.13,21.44 3 0
b3-ingest/main.go:21.44,24.3 2 0
b3-ingest/main.go:25.2,30.19 5 0
b3-ingest/main.go:30.19,32.3 1 0
b3-ingest/main.go:32.8,32.22 1 0
b3-ingest/main.go:32.22,34.3 1 0
b3-ingest/main.go:34.8,34.23 1 0
b3-ingest/main.go:34.23,36.3 1 0
b3-ingest/main.go:38.2,53.27 2 0
b3-ingest/internal/infra/settings/config.go:30.31,38.2 1 0
b3-ingest/internal/infra/settings/config.go:41.27,56.2 2 0
b3-ingest/internal/infra/settings/config.go:58.23,59.41 1 0
b3-ingest/internal/infra/settings/config.go:59.41,61.3 1 0
b3-ingest/internal/infra/settings/config.go:62.2,62.12 1 0
b3-ingest/internal/infra/settings/config.go:66.23,68.2 1 0
b3-ingest/internal/infra/adapter/database/provider/postgres/migration.go:24.57,27.2 2 0
b3-ingest/internal/infra/adapter/database/provider/postgres/migration.go:29.40,31.2 1 0
b3-ingest/internal/infra/adapter/database/provider/postgres/migration.go:38.82,39.15 1 0
b3-ingest/internal/infra/adapter/database/provider/postgres/migration.go:39.15,41.3 1 0
b3-ingest/internal/infra/adapter/database/provider/postgres/migration.go:42.2,45.8 1 0
b3-ingest/internal/infra/adapter/database/provider/postgres/migration.go:48.44,50.16 2 0
b3-ingest/internal/infra/adapter/database/provider/postgres/migration.go:50.16,52.3 1 0
b3-ingest/internal/infra/adapter/database/provider/postgres/migration.go:54.2,55.16 2 0
b3-ingest/internal/infra/adapter/database/provider/postgres/migration.go:55.16,57.3 1 0
b3-ingest/internal/infra/adapter/database/provider/postgres/migration.go:59.2,60.16 2 0
b3-ingest/internal/infra/adapter/database/provider/postgres/migration.go:60.16,62.3 1 0
b3-ingest/internal/infra/adapter/database/provider/postgres/migration.go:64.2,67.56 3 0
b3-ingest/internal/infra/adapter/database/provider/postgres/migration.go:67.56,69.3 1 0
b3-ingest/internal/infra/adapter/database/provider/postgres/migration.go:71.2,71.10 1 0
b3-ingest/internal/infra/adapter/database/provider/postgres/migration.go:71.10,73.57 2 0
b3-ingest/internal/infra/adapter/database/provider/postgres/migration.go:73.57,75.4 1 0
b3-ingest/internal/infra/adapter/database/provider/postgres/migration.go:77.3,78.57 2 0
b3-ingest/internal/infra/adapter/database/provider/postgres/migration.go:78.57,80.4 1 0
b3-ingest/internal/infra/adapter/database/provider/postgres/migration.go:83.2,83.12 1 0
b3-ingest/internal/infra/adapter/database/provider/postgres/settings.go:18.61,27.16 3 0
b3-ingest/internal/infra/adapter/database/provider/postgres/settings.go:27.16,29.3 1 0
b3-ingest/internal/infra/adapter/database/provider/postgres/settings.go:31.2,32.16 2 0
b3-ingest/internal/infra/adapter/database/provider/postgres/settings.go:32.16,34.3 1 0
b3-ingest/internal/infra/adapter/database/provider/postgres/settings.go:36.2,43.8 5 0
b3-ingest/internal/infra/adapter/database/provider/postgres/settings.go:46.60,54.16 3 0
b3-ingest/internal/infra/adapter/database/provider/postgres/settings.go:54.16,56.3 1 0
b3-ingest/internal/infra/adapter/database/provider/postgres/settings.go:58.2,59.16 2 0
b3-ingest/internal/infra/adapter/database/provider/postgres/settings.go:62.35,64.2 1 0
b3-ingest/internal/infra/adapter/database/provider/postgres/settings.go:66.34,68.16 2 0
b3-ingest/internal/infra/adapter/database/provider/postgres/settings.go:68.16,70.3 1 0
b3-ingest/internal/infra/adapter/database/provider/postgres/settings.go:72.2,73.16 2 0
b3-ingest/internal/infra/adapter/database/provider/postgres/settings.go:73.16,75.3 1 0
b3-ingest/internal/infra/adapter/database/provider/postgres/settings.go:77.2,77.12 1 0
b3-ingest/internal/infra/adapter/database/provider/postgres/settings.go:80.38,81.13 1 0
b3-ingest/internal/infra/adapter/database/provider/postgres/settings.go:81.13,83.3 1 0
b3-ingest/internal/infra/adapter/database/provider/postgres/settings.go:84.2,84.18 1 0
b3-ingest/internal/service/trading/service.go:20.84,22.2 1 0
b3-ingest/internal/service/trading/service.go:24.116,26.16 2 0
b3-ingest/internal/service/trading/service.go:26.16,28.3 1 0
b3-ingest/internal/service/trading/service.go:29.2,29.50 1 0
b3-ingest/internal/service/ingestion/downloader.go:14.114,17.51 3 1
b3-ingest/internal/service/ingestion/downloader.go:17.51,19.3 1 1
b3-ingest/internal/service/ingestion/downloader.go:20.2,21.26 2 0
b3-ingest/internal/service/ingestion/downloader.go:21.26,22.10 1 0
b3-ingest/internal/service/ingestion/downloader.go:23.21,25.20 2 0
b3-ingest/internal/service/ingestion/downloader.go:26.11,26.11 0 0
b3-ingest/internal/service/ingestion/downloader.go:28.3,32.17 5 0
b3-ingest/internal/service/ingestion/downloader.go:32.17,34.12 2 0
b3-ingest/internal/service/ingestion/downloader.go:36.3,37.17 2 0
b3-ingest/internal/service/ingestion/downloader.go:37.17,39.12 2 0
b3-ingest/internal/service/ingestion/downloader.go:41.3,41.29 1 0
b3-ingest/internal/service/ingestion/downloader.go:41.29,44.12 3 0
b3-ingest/internal/service/ingestion/downloader.go:46.3,47.17 2 0
b3-ingest/internal/service/ingestion/downloader.go:47.17,50.12 3 0
b3-ingest/internal/service/ingestion/downloader.go:52.3,55.17 4 0
b3-ingest/internal/service/ingestion/downloader.go:55.17,57.12 2 0
b3-ingest/internal/service/ingestion/downloader.go:59.3,59.55 1 0
b3-ingest/internal/service/ingestion/downloader.go:59.55,61.12 2 0
b3-ingest/internal/service/ingestion/downloader.go:63.3,64.62 2 0
b3-ingest/internal/service/ingestion/downloader.go:66.2,66.12 1 0
b3-ingest/internal/service/ingestion/downloader.go:69.39,72.55 3 1
b3-ingest/internal/service/ingestion/downloader.go:72.55,73.65 1 1
b3-ingest/internal/service/ingestion/downloader.go:73.65,75.4 1 1
b3-ingest/internal/service/ingestion/downloader.go:78.2,78.53 1 1
b3-ingest/internal/service/ingestion/downloader.go:78.53,80.3 1 1
b3-ingest/internal/service/ingestion/downloader.go:81.2,81.13 1 1
b3-ingest/internal/service/ingestion/downloader.go:84.71,86.16 2 1
b3-ingest/internal/service/ingestion/downloader.go:86.16,88.3 1 1
b3-ingest/internal/service/ingestion/downloader.go:89.2,90.27 2 0
b3-ingest/internal/service/ingestion/downloader.go:90.27,92.27 2 0
b3-ingest/internal/service/ingestion/downloader.go:92.27,94.12 2 0
b3-ingest/internal/service/ingestion/downloader.go:96.3,96.64 1 0
b3-ingest/internal/service/ingestion/downloader.go:96.64,98.4 1 0
b3-ingest/internal/service/ingestion/downloader.go:99.3,100.17 2 0
b3-ingest/internal/service/ingestion/downloader.go:100.17,102.4 1 0
b3-ingest/internal/service/ingestion/downloader.go:103.3,104.17 2 0
b3-ingest/internal/service/ingestion/downloader.go:104.17,107.4 2 0
b3-ingest/internal/service/ingestion/downloader.go:108.3,111.17 4 0
b3-ingest/internal/service/ingestion/downloader.go:111.17,113.4 1 0
b3-ingest/internal/service/ingestion/downloader.go:114.3,114.30 1 0
b3-ingest/internal/service/ingestion/downloader.go:116.2,116.12 1 0
b3-ingest/internal/service/ingestion/ingestion.go:28.71,30.2 1 0
b3-ingest/internal/service/ingestion/ingestion.go:32.51,35.16 3 1
b3-ingest/internal/service/ingestion/ingestion.go:35.16,38.3 2 0
b3-ingest/internal/service/ingestion/ingestion.go:39.2,41.48 2 1
b3-ingest/internal/service/ingestion/ingestion.go:41.48,43.3 1 1
b3-ingest/internal/service/ingestion/ingestion.go:45.2,46.16 2 0
b3-ingest/internal/service/ingestion/ingestion.go:46.16,49.3 2 0
b3-ingest/internal/service/ingestion/ingestion.go:51.2,56.26 5 0
b3-ingest/internal/service/ingestion/ingestion.go:56.26,57.16 1 0
b3-ingest/internal/service/ingestion/ingestion.go:57.16,58.12 1 0
b3-ingest/internal/service/ingestion/ingestion.go:60.3,62.26 3 0
b3-ingest/internal/service/ingestion/ingestion.go:62.26,64.17 2 0
b3-ingest/internal/service/ingestion/ingestion.go:64.17,64.26 1 0
b3-ingest/internal/service/ingestion/ingestion.go:65.4,65.61 1 0
b3-ingest/internal/service/ingestion/ingestion.go:65.61,67.24 2 0
b3-ingest/internal/service/ingestion/ingestion.go:67.24,69.6 1 0
b3-ingest/internal/service/ingestion/ingestion.go:70.5,71.16 2 0
b3-ingest/internal/service/ingestion/ingestion.go:75.2,77.44 2 0
b3-ingest/internal/service/ingestion/ingestion.go:80.61,96.2 4 1
b3-ingest/internal/service/ingestion/ingestion.go:98.79,102.16 4 0
b3-ingest/internal/service/ingestion/ingestion.go:102.16,104.3 1 0
b3-ingest/internal/service/ingestion/ingestion.go:105.2,109.36 4 0
b3-ingest/internal/service/ingestion/ingestion.go:109.36,111.3 1 0
b3-ingest/internal/service/ingestion/ingestion.go:113.2,113.52 1 0
b3-ingest/internal/service/ingestion/ingestion.go:113.52,115.17 2 0
b3-ingest/internal/service/ingestion/ingestion.go:115.17,117.4 1 0
b3-ingest/internal/service/ingestion/ingestion.go:118.3,122.86 5 0
b3-ingest/internal/service/ingestion/ingestion.go:125.2,131.12 5 0
b3-ingest/internal/service/ingestion/ingestion.go:134.79,153.69 3 0
b3-ingest/internal/service/ingestion/ingestion.go:153.69,156.3 2 0
b3-ingest/internal/service/ingestion/ingestion.go:158.2,159.17 2 0
b3-ingest/pkg/routes/v1/trading/trading.go:22.58,23.30 1 1
b3-ingest/pkg/routes/v1/trading/trading.go:23.30,25.19 2 1
b3-ingest/pkg/routes/v1/trading/trading.go:25.19,28.4 2 1
b3-ingest/pkg/routes/v1/trading/trading.go:30.3,35.23 5 1
b3-ingest/pkg/routes/v1/trading/trading.go:35.23,37.18 2 1
b3-ingest/pkg/routes/v1/trading/trading.go:37.18,40.5 2 1
b3-ingest/pkg/routes/v1/trading/trading.go:41.9,43.4 1 1
b3-ingest/pkg/routes/v1/trading/trading.go:45.3,46.17 2 1
b3-ingest/pkg/routes/v1/trading/trading.go:46.17,49.4 2 1
b3-ingest/pkg/routes/v1/trading/trading.go:51.3,55.5 1 1
b3-ingest/internal/starter/starter.go:30.31,31.18 1 1
b3-ingest/internal/starter/starter.go:32.18,33.21 1 0
b3-ingest/internal/starter/starter.go:34.14,35.22 1 0
b3-ingest/internal/starter/starter.go:36.15,37.19 1 0
b3-ingest/internal/starter/starter.go:38.10,42.13 4 1
b3-ingest/internal/starter/starter.go:46.39,50.105 4 0
b3-ingest/internal/starter/starter.go:50.105,50.138 1 0
b3-ingest/internal/starter/starter.go:51.2,51.16 1 0
b3-ingest/internal/starter/starter.go:51.16,54.3 2 0
b3-ingest/internal/starter/starter.go:55.2,55.54 1 0
b3-ingest/internal/starter/starter.go:58.40,60.16 2 0
b3-ingest/internal/starter/starter.go:60.16,63.3 2 0
b3-ingest/internal/starter/starter.go:64.2,68.16 5 0
b3-ingest/internal/starter/starter.go:68.16,71.3 2 0
b3-ingest/internal/starter/starter.go:72.2,73.65 2 0
b3-ingest/internal/starter/starter.go:76.37,78.16 2 0
b3-ingest/internal/starter/starter.go:78.16,81.3 2 0
b3-ingest/internal/starter/starter.go:82.2,88.16 7 0
b3-ingest/internal/starter/starter.go:88.16,90.3 1 0
b3-ingest/internal/starter/starter.go:91.2,100.12 6 0
b3-ingest/internal/starter/starter.go:100.12,101.80 1 0
b3-ingest/internal/starter/starter.go:101.80,104.4 2 0
b3-ingest/internal/starter/starter.go:106.2,110.53 5 0
b3-ingest/internal/starter/starter.go:110.53,112.3 1 0
b3-ingest/internal/starter/starter.go:113.2,113.41 1 0
